CRITICAL - 2021-01-08 06:22:35 --> Unable to connect to the database.
#0 C:\Users\Ali\Documents\kuliah\xampp\htdocs\login-register-CodeIgniter4-master\system\Database\BaseConnection.php(646): CodeIgniter\Database\BaseConnection->initialize()
#1 C:\Users\Ali\Documents\kuliah\xampp\htdocs\login-register-CodeIgniter4-master\system\Database\BaseBuilder.php(1860): CodeIgniter\Database\BaseConnection->query('SELECT *\nFROM `...', Array, false)
#2 C:\Users\Ali\Documents\kuliah\xampp\htdocs\login-register-CodeIgniter4-master\system\Model.php(506): CodeIgniter\Database\BaseBuilder->get()
#3 C:\Users\Ali\Documents\kuliah\xampp\htdocs\login-register-CodeIgniter4-master\app\Controllers\Login.php(20): CodeIgniter\Model->first()
#4 C:\Users\Ali\Documents\kuliah\xampp\htdocs\login-register-CodeIgniter4-master\system\CodeIgniter.php(918): App\Controllers\Login->auth()
#5 C:\Users\Ali\Documents\kuliah\xampp\htdocs\login-register-CodeIgniter4-master\system\CodeIgniter.php(404): CodeIgniter\CodeIgniter->runController(Object(App\Controllers\Login))
#6 C:\Users\Ali\Documents\kuliah\xampp\htdocs\login-register-CodeIgniter4-master\system\CodeIgniter.php(312): CodeIgniter\CodeIgniter->handleRequest(NULL, Object(Config\Cache), false)
#7 C:\Users\Ali\Documents\kuliah\xampp\htdocs\login-register-CodeIgniter4-master\public\index.php(45): CodeIgniter\CodeIgniter->run()
#8 C:\Users\Ali\Documents\kuliah\xampp\htdocs\login-register-CodeIgniter4-master\system\Commands\Server\rewrite.php(34): require_once('C:\\Users\\Ali\\Do...')
#9 {main}
CRITICAL - 2021-01-08 09:54:35 --> Unable to connect to the database.
#0 C:\Users\Ali\Documents\kuliah\xampp\htdocs\login-register-CodeIgniter4-master\system\Database\BaseConnection.php(646): CodeIgniter\Database\BaseConnection->initialize()
#1 C:\Users\Ali\Documents\kuliah\xampp\htdocs\login-register-CodeIgniter4-master\system\Database\BaseBuilder.php(1860): CodeIgniter\Database\BaseConnection->query('SELECT 1\nFROM `...', Array, false)
#2 C:\Users\Ali\Documents\kuliah\xampp\htdocs\login-register-CodeIgniter4-master\system\Validation\Rules.php(240): CodeIgniter\Database\BaseBuilder->get()
#3 C:\Users\Ali\Documents\kuliah\xampp\htdocs\login-register-CodeIgniter4-master\system\Validation\Validation.php(325): CodeIgniter\Validation\Rules->is_unique('ali@gmail.com', 'user_email', Array, NULL)
#4 C:\Users\Ali\Documents\kuliah\xampp\htdocs\login-register-CodeIgniter4-master\system\Validation\Validation.php(189): CodeIgniter\Validation\Validation->processRules('email', 'email', 'ali@gmail.com', Array, Array)
#5 C:\Users\Ali\Documents\kuliah\xampp\htdocs\login-register-CodeIgniter4-master\system\Controller.php(219): CodeIgniter\Validation\Validation->run()
#6 C:\Users\Ali\Documents\kuliah\xampp\htdocs\login-register-CodeIgniter4-master\app\Controllers\Register.php(28): CodeIgniter\Controller->validate(Array)
#7 C:\Users\Ali\Documents\kuliah\xampp\htdocs\login-register-CodeIgniter4-master\system\CodeIgniter.php(918): App\Controllers\Register->save()
#8 C:\Users\Ali\Documents\kuliah\xampp\htdocs\login-register-CodeIgniter4-master\system\CodeIgniter.php(404): CodeIgniter\CodeIgniter->runController(Object(App\Controllers\Register))
#9 C:\Users\Ali\Documents\kuliah\xampp\htdocs\login-register-CodeIgniter4-master\system\CodeIgniter.php(312): CodeIgniter\CodeIgniter->handleRequest(NULL, Object(Config\Cache), false)
#10 C:\Users\Ali\Documents\kuliah\xampp\htdocs\login-register-CodeIgniter4-master\public\index.php(45): CodeIgniter\CodeIgniter->run()
#11 C:\Users\Ali\Documents\kuliah\xampp\htdocs\login-register-CodeIgniter4-master\system\Commands\Server\rewrite.php(34): require_once('C:\\Users\\Ali\\Do...')
#12 {main}
CRITICAL - 2021-01-08 09:58:38 --> Unable to connect to the database.
#0 C:\Users\Ali\Documents\kuliah\xampp\htdocs\login-register-CodeIgniter4-master\system\Database\BaseConnection.php(646): CodeIgniter\Database\BaseConnection->initialize()
#1 C:\Users\Ali\Documents\kuliah\xampp\htdocs\login-register-CodeIgniter4-master\system\Database\BaseBuilder.php(1860): CodeIgniter\Database\BaseConnection->query('SELECT 1\nFROM `...', Array, false)
#2 C:\Users\Ali\Documents\kuliah\xampp\htdocs\login-register-CodeIgniter4-master\system\Validation\Rules.php(240): CodeIgniter\Database\BaseBuilder->get()
#3 C:\Users\Ali\Documents\kuliah\xampp\htdocs\login-register-CodeIgniter4-master\system\Validation\Validation.php(325): CodeIgniter\Validation\Rules->is_unique('udin@gmail.com', 'user_email', Array, NULL)
#4 C:\Users\Ali\Documents\kuliah\xampp\htdocs\login-register-CodeIgniter4-master\system\Validation\Validation.php(189): CodeIgniter\Validation\Validation->processRules('email', 'email', 'udin@gmail.com', Array, Array)
#5 C:\Users\Ali\Documents\kuliah\xampp\htdocs\login-register-CodeIgniter4-master\system\Controller.php(219): CodeIgniter\Validation\Validation->run()
#6 C:\Users\Ali\Documents\kuliah\xampp\htdocs\login-register-CodeIgniter4-master\app\Controllers\Register.php(30): CodeIgniter\Controller->validate(Array)
#7 C:\Users\Ali\Documents\kuliah\xampp\htdocs\login-register-CodeIgniter4-master\system\CodeIgniter.php(918): App\Controllers\Register->save()
#8 C:\Users\Ali\Documents\kuliah\xampp\htdocs\login-register-CodeIgniter4-master\system\CodeIgniter.php(404): CodeIgniter\CodeIgniter->runController(Object(App\Controllers\Register))
#9 C:\Users\Ali\Documents\kuliah\xampp\htdocs\login-register-CodeIgniter4-master\system\CodeIgniter.php(312): CodeIgniter\CodeIgniter->handleRequest(NULL, Object(Config\Cache), false)
#10 C:\Users\Ali\Documents\kuliah\xampp\htdocs\login-register-CodeIgniter4-master\public\index.php(45): CodeIgniter\CodeIgniter->run()
#11 C:\Users\Ali\Documents\kuliah\xampp\htdocs\login-register-CodeIgniter4-master\system\Commands\Server\rewrite.php(34): require_once('C:\\Users\\Ali\\Do...')
#12 {main}
CRITICAL - 2021-01-08 10:03:26 --> Unable to connect to the database.
#0 C:\Users\Ali\Documents\kuliah\xampp\htdocs\login-register-CodeIgniter4-master\system\Database\BaseConnection.php(646): CodeIgniter\Database\BaseConnection->initialize()
#1 C:\Users\Ali\Documents\kuliah\xampp\htdocs\login-register-CodeIgniter4-master\system\Database\BaseBuilder.php(1860): CodeIgniter\Database\BaseConnection->query('SELECT 1\nFROM `...', Array, false)
#2 C:\Users\Ali\Documents\kuliah\xampp\htdocs\login-register-CodeIgniter4-master\system\Validation\Rules.php(240): CodeIgniter\Database\BaseBuilder->get()
#3 C:\Users\Ali\Documents\kuliah\xampp\htdocs\login-register-CodeIgniter4-master\system\Validation\Validation.php(325): CodeIgniter\Validation\Rules->is_unique('ali@gmail.com', 'user_email', Array, NULL)
#4 C:\Users\Ali\Documents\kuliah\xampp\htdocs\login-register-CodeIgniter4-master\system\Validation\Validation.php(189): CodeIgniter\Validation\Validation->processRules('email', 'email', 'ali@gmail.com', Array, Array)
#5 C:\Users\Ali\Documents\kuliah\xampp\htdocs\login-register-CodeIgniter4-master\system\Controller.php(219): CodeIgniter\Validation\Validation->run()
#6 C:\Users\Ali\Documents\kuliah\xampp\htdocs\login-register-CodeIgniter4-master\app\Controllers\Register.php(30): CodeIgniter\Controller->validate(Array)
#7 C:\Users\Ali\Documents\kuliah\xampp\htdocs\login-register-CodeIgniter4-master\system\CodeIgniter.php(918): App\Controllers\Register->save()
#8 C:\Users\Ali\Documents\kuliah\xampp\htdocs\login-register-CodeIgniter4-master\system\CodeIgniter.php(404): CodeIgniter\CodeIgniter->runController(Object(App\Controllers\Register))
#9 C:\Users\Ali\Documents\kuliah\xampp\htdocs\login-register-CodeIgniter4-master\system\CodeIgniter.php(312): CodeIgniter\CodeIgniter->handleRequest(NULL, Object(Config\Cache), false)
#10 C:\Users\Ali\Documents\kuliah\xampp\htdocs\login-register-CodeIgniter4-master\public\index.php(45): CodeIgniter\CodeIgniter->run()
#11 C:\Users\Ali\Documents\kuliah\xampp\htdocs\login-register-CodeIgniter4-master\system\Commands\Server\rewrite.php(34): require_once('C:\\Users\\Ali\\Do...')
#12 {main}
CRITICAL - 2021-01-08 10:03:49 --> Unable to connect to the database.
#0 C:\Users\Ali\Documents\kuliah\xampp\htdocs\login-register-CodeIgniter4-master\system\Database\BaseConnection.php(646): CodeIgniter\Database\BaseConnection->initialize()
#1 C:\Users\Ali\Documents\kuliah\xampp\htdocs\login-register-CodeIgniter4-master\system\Database\BaseBuilder.php(1860): CodeIgniter\Database\BaseConnection->query('SELECT 1\nFROM `...', Array, false)
#2 C:\Users\Ali\Documents\kuliah\xampp\htdocs\login-register-CodeIgniter4-master\system\Validation\Rules.php(240): CodeIgniter\Database\BaseBuilder->get()
#3 C:\Users\Ali\Documents\kuliah\xampp\htdocs\login-register-CodeIgniter4-master\system\Validation\Validation.php(325): CodeIgniter\Validation\Rules->is_unique('ali@gmail.com', 'user_email', Array, NULL)
#4 C:\Users\Ali\Documents\kuliah\xampp\htdocs\login-register-CodeIgniter4-master\system\Validation\Validation.php(189): CodeIgniter\Validation\Validation->processRules('email', 'email', 'ali@gmail.com', Array, Array)
#5 C:\Users\Ali\Documents\kuliah\xampp\htdocs\login-register-CodeIgniter4-master\system\Controller.php(219): CodeIgniter\Validation\Validation->run()
#6 C:\Users\Ali\Documents\kuliah\xampp\htdocs\login-register-CodeIgniter4-master\app\Controllers\Register.php(30): CodeIgniter\Controller->validate(Array)
#7 C:\Users\Ali\Documents\kuliah\xampp\htdocs\login-register-CodeIgniter4-master\system\CodeIgniter.php(918): App\Controllers\Register->save()
#8 C:\Users\Ali\Documents\kuliah\xampp\htdocs\login-register-CodeIgniter4-master\system\CodeIgniter.php(404): CodeIgniter\CodeIgniter->runController(Object(App\Controllers\Register))
#9 C:\Users\Ali\Documents\kuliah\xampp\htdocs\login-register-CodeIgniter4-master\system\CodeIgniter.php(312): CodeIgniter\CodeIgniter->handleRequest(NULL, Object(Config\Cache), false)
#10 C:\Users\Ali\Documents\kuliah\xampp\htdocs\login-register-CodeIgniter4-master\public\index.php(45): CodeIgniter\CodeIgniter->run()
#11 C:\Users\Ali\Documents\kuliah\xampp\htdocs\login-register-CodeIgniter4-master\system\Commands\Server\rewrite.php(34): require_once('C:\\Users\\Ali\\Do...')
#12 {main}
CRITICAL - 2021-01-08 10:05:13 --> Unable to connect to the database.
#0 C:\Users\Ali\Documents\kuliah\xampp\htdocs\login-register-CodeIgniter4-master\system\Database\BaseConnection.php(646): CodeIgniter\Database\BaseConnection->initialize()
#1 C:\Users\Ali\Documents\kuliah\xampp\htdocs\login-register-CodeIgniter4-master\system\Database\BaseBuilder.php(1860): CodeIgniter\Database\BaseConnection->query('SELECT 1\nFROM `...', Array, false)
#2 C:\Users\Ali\Documents\kuliah\xampp\htdocs\login-register-CodeIgniter4-master\system\Validation\Rules.php(240): CodeIgniter\Database\BaseBuilder->get()
#3 C:\Users\Ali\Documents\kuliah\xampp\htdocs\login-register-CodeIgniter4-master\system\Validation\Validation.php(325): CodeIgniter\Validation\Rules->is_unique('ali@gmail.com', 'user_email', Array, NULL)
#4 C:\Users\Ali\Documents\kuliah\xampp\htdocs\login-register-CodeIgniter4-master\system\Validation\Validation.php(189): CodeIgniter\Validation\Validation->processRules('email', 'email', 'ali@gmail.com', Array, Array)
#5 C:\Users\Ali\Documents\kuliah\xampp\htdocs\login-register-CodeIgniter4-master\system\Controller.php(219): CodeIgniter\Validation\Validation->run()
#6 C:\Users\Ali\Documents\kuliah\xampp\htdocs\login-register-CodeIgniter4-master\app\Controllers\Register.php(30): CodeIgniter\Controller->validate(Array)
#7 C:\Users\Ali\Documents\kuliah\xampp\htdocs\login-register-CodeIgniter4-master\system\CodeIgniter.php(918): App\Controllers\Register->save()
#8 C:\Users\Ali\Documents\kuliah\xampp\htdocs\login-register-CodeIgniter4-master\system\CodeIgniter.php(404): CodeIgniter\CodeIgniter->runController(Object(App\Controllers\Register))
#9 C:\Users\Ali\Documents\kuliah\xampp\htdocs\login-register-CodeIgniter4-master\system\CodeIgniter.php(312): CodeIgniter\CodeIgniter->handleRequest(NULL, Object(Config\Cache), false)
#10 C:\Users\Ali\Documents\kuliah\xampp\htdocs\login-register-CodeIgniter4-master\public\index.php(45): CodeIgniter\CodeIgniter->run()
#11 C:\Users\Ali\Documents\kuliah\xampp\htdocs\login-register-CodeIgniter4-master\system\Commands\Server\rewrite.php(34): require_once('C:\\Users\\Ali\\Do...')
#12 {main}
